<?xml version="1.0" encoding="UTF-8"?>
<!-- Generated by org.testng.reporters.JUnitXMLReporter -->
<testsuite ignored="0" hostname="SLB-C6J0533" failures="0" tests="2" name="LoginTest" time="5.926" errors="0" timestamp="2024-09-25T17:00:53 IST">
  <testcase classname="com.restfulbooker.apitest.businessLogics.LoginTest" name="invalidLoginTest" time="4.581"/>
  <testcase classname="com.restfulbooker.apitest.businessLogics.LoginTest" name="validLoginTest" time="1.205"/>
</testsuite> <!-- LoginTest -->
